<?xml version="1.0" encoding="UTF-8"?>
<testsuite name="SILab2Test" tests="2" skipped="0" failures="0" errors="0" timestamp="2024-05-24T13:32:55" hostname="HELLO" time="0.029">
  <properties/>
  <testcase name="testCheckCartEveryBranch()" classname="SILab2Test" time="0.025"/>
  <testcase name="testCheckCartMultipleCondition()" classname="SILab2Test" time="0.001"/>
  <system-out><![CDATA[]]></system-out>
  <system-err><![CDATA[]]></system-err>
</testsuite>
